#
# A fatal error has been detected by the Java Runtime Environment:
#
#  EXCEPTION_ACCESS_VIOLATION (0xc0000005) at pc=0x77dfebab, pid=1928, tid=0x00001bc4
#
# JRE version: Java(TM) SE Runtime Environment (8.0_192-b12) (build 1.8.0_192-b12)
# Java VM: Java HotSpot(TM) Client VM (25.192-b12 mixed mode windows-x86 )
# Problematic frame:
# C  [ntdll.dll+0x4ebab]
#
# Failed to write core dump. Minidumps are not enabled by default on client versions of Windows
#
# If you would like to submit a bug report, please visit:
#   http://bugreport.java.com/bugreport/crash.jsp
# The crash happened outside the Java Virtual Machine in native code.
# See problematic frame for where to report the bug.
#

---------------  T H R E A D  ---------------

Current thread (0x15858000):  JavaThread "AWT-Windows" daemon [_thread_in_native, id=7108, stack(0x15e80000,0x15ed0000)]

siginfo: ExceptionCode=0xc0000005, writing address 0x00000014

Registers:
EAX=0x00000000, EBX=0xfffffffe, ECX=0x00000000, EDX=0x00000002
ESP=0x15ecd6a0, EBP=0x15ecd6f0, ESI=0x719caf28, EDI=0x719caf2c
EIP=0x77dfebab, EFLAGS=0x00010213

Top of Stack: (sp=0x15ecd6a0)
0x15ecd6a0:   719caf28 719caf2c 15ecda00 65726a5c
0x15ecd6b0:   00000000 004f0e48 004b8f68 15ecd730
0x15ecd6c0:   00000000 0000006a 00509468 fffffffe
0x15ecd6d0:   15ecd708 77de7029 77de7030 00000000
0x15ecd6e0:   00000000 00000000 7ef8b000 00000628
0x15ecd6f0:   15ecd718 77dfeaba 00000000 00000000
0x15ecd700:   15ecda00 15ecda14 71880000 00000002
0x15ecd710:   00000000 00000003 15ecd72c 718c59a6 

Instructions: (pc=0x77dfebab)
0x77dfeb8b:   c2 8b d8 8b c1 f0 0f b1 1f 3b c1 0f 85 b2 03 00
0x77dfeb9b:   00 33 c0 89 45 0c 89 45 08 8b 06 83 f8 ff 74 03
0x77dfebab:   ff 40 14 8b 5d f4 8b 7d f0 80 3d 82 03 fe 7f 00
0x77dfebbb:   0f 85 f4 37 03 00 8b 45 fc 57 6a 00 83 f8 ff 0f 


Register to memory mapping:

EAX=0x00000000 is an unknown value
EBX=0xfffffffe is an unknown value
ECX=0x00000000 is an unknown value
EDX=0x00000002 is an unknown value
ESP=0x15ecd6a0 is pointing into the stack for thread: 0x15858000
EBP=0x15ecd6f0 is pointing into the stack for thread: 0x15858000
ESI=0x719caf28 is an unknown value
EDI=0x719caf2c is an unknown value


Stack: [0x15e80000,0x15ed0000],  sp=0x15ecd6a0,  free space=309k
Native frames: (J=compiled Java code, j=interpreted, Vv=VM code, C=native code)
C  [ntdll.dll+0x4ebab]
C  [ntdll.dll+0x4eaba]
C  [nvspcap.dll+0x459a6]
C  [nvspcap.dll+0x3238d]
C  [nvspcap.dll+0x1da6c]
C  [nvspcap.dll+0x162d1]
C  [nvd3dum.dll+0x6b4ec0]
C  [nvd3dum.dll+0x69d87e]
C  [d3d9.dll+0xb634]
C  [d3d9.dll+0xb431]
C  [d3d9.dll+0xa2cc]
C  [d3d9.dll+0xb146]
C  [d3d9.dll+0x17e94]
C  [d3d9.dll+0x16a8e]
C  [d3d9.dll+0x22ea2]
C  [awt.dll+0x159de]

Java frames: (J=compiled Java code, j=interpreted, Vv=VM code)
j  sun.java2d.d3d.D3DGraphicsDevice.getDeviceCapsNative(I)I+0
j  sun.java2d.d3d.D3DGraphicsDevice.access$000(I)I+1
j  sun.java2d.d3d.D3DGraphicsDevice$1.run()V+8
v  ~StubRoutines::call_stub
j  sun.awt.windows.WToolkit.eventLoop()V+0
j  sun.awt.windows.WToolkit.run()V+58
j  java.lang.Thread.run()V+11
v  ~StubRoutines::call_stub

---------------  P R O C E S S  ---------------

Java Threads: ( => current thread )
  0x1c436800 JavaThread "AWT-EventQueue-0" [_thread_in_native, id=8436, stack(0x17c60000,0x17cb0000)]
  0x1c436c00 JavaThread "AWT-Shutdown" [_thread_blocked, id=8748, stack(0x17d40000,0x17d90000)]
  0x1c436000 JavaThread "SimulationThread" [_thread_blocked, id=3660, stack(0x1e4d0000,0x1e520000)]
  0x1c435c00 JavaThread "Thread-9" daemon [_thread_in_native, id=6608, stack(0x1ce60000,0x1ceb0000)]
  0x1c435400 JavaThread "Thread-7" [_thread_in_native, id=6384, stack(0x1e240000,0x1e290000)]
  0x1c408800 JavaThread "JavaFX Application Thread" [_thread_in_native, id=6956, stack(0x1cdd0000,0x1ce20000)]
  0x1c40d000 JavaThread "Thread-6" daemon [_thread_blocked, id=5828, stack(0x1cbc0000,0x1cc10000)]
  0x15b53800 JavaThread "QuantumRenderer-0" daemon [_thread_blocked, id=2544, stack(0x1cc10000,0x1cc60000)]
  0x159a2400 JavaThread "main" [_thread_blocked, id=6720, stack(0x16370000,0x163c0000)]
  0x00dce400 JavaThread "DestroyJavaVM" [_thread_blocked, id=6652, stack(0x00400000,0x00450000)]
  0x15873c00 JavaThread "BlueJ worker thread" [_thread_blocked, id=5700, stack(0x16160000,0x161b0000)]
=>0x15858000 JavaThread "AWT-Windows" daemon [_thread_in_native, id=7108, stack(0x15e80000,0x15ed0000)]
  0x15852800 JavaThread "Java2D Disposer" daemon [_thread_blocked, id=2584, stack(0x15d30000,0x15d80000)]
  0x14eef800 JavaThread "Service Thread" daemon [_thread_blocked, id=4892, stack(0x156a0000,0x156f0000)]
  0x14ed1000 JavaThread "C1 CompilerThread0" daemon [_thread_blocked, id=6996, stack(0x14cf0000,0x14d40000)]
  0x00ece800 JavaThread "JDWP Command Reader" daemon [_thread_in_native, id=5404, stack(0x153d0000,0x15420000)]
  0x00ecd800 JavaThread "JDWP Event Helper Thread" daemon [_thread_blocked, id=7104, stack(0x15490000,0x154e0000)]
  0x14ec9800 JavaThread "JDWP Transport Listener: dt_shmem" daemon [_thread_blocked, id=3588, stack(0x15130000,0x15180000)]
  0x14ebe400 JavaThread "Attach Listener" daemon [_thread_blocked, id=5160, stack(0x15370000,0x153c0000)]
  0x14ebb400 JavaThread "Signal Dispatcher" daemon [_thread_blocked, id=6260, stack(0x151f0000,0x15240000)]
  0x00ec6c00 JavaThread "Finalizer" daemon [_thread_blocked, id=6244, stack(0x04750000,0x047a0000)]
  0x00ec0000 JavaThread "Reference Handler" daemon [_thread_blocked, id=2588, stack(0x14db0000,0x14e00000)]

Other Threads:
  0x00eb5c00 VMThread [stack: 0x14d40000,0x14d90000] [id=6536]
  0x14f03400 WatcherThread [stack: 0x15710000,0x15760000] [id=4356]

VM state:not at safepoint (normal execution)

VM Mutex/Monitor currently owned by a thread: None

Heap:
 def new generation   total 4992K, used 3279K [0x04800000, 0x04d60000, 0x09d50000)
  eden space 4480K,  73% used [0x04800000, 0x04b33da0, 0x04c60000)
  from space 512K,   0% used [0x04c60000, 0x04c60000, 0x04ce0000)
  to   space 512K,   0% used [0x04ce0000, 0x04ce0000, 0x04d60000)
 tenured generation   total 10944K, used 2939K [0x09d50000, 0x0a800000, 0x14800000)
   the space 10944K,  26% used [0x09d50000, 0x0a02ed98, 0x0a02ee00, 0x0a800000)
 Metaspace       used 7778K, capacity 8064K, committed 8192K, reserved 8576K

Card table byte_map: [0x011a0000,0x01230000] byte_map_base: 0x0117c000

Polling page: 0x001a0000

CodeCache: size=32768Kb used=1154Kb max_used=1154Kb free=31613Kb
 bounds [0x02680000, 0x027a8000, 0x04680000]
 total_blobs=583 nmethods=306 adapters=216
 compilation: enabled

Compilation events (10 events):
Event: 28.460 Thread 0x14ed1000  305             com.sun.javafx.tk.quantum.PaintCollector::hasDirty (5 bytes)
Event: 28.460 Thread 0x14ed1000 nmethod 305 0x0279b308 code [0x0279b400, 0x0279b480]
Event: 37.420 Thread 0x14ed1000  306             greenfoot.vmcomm.VMCommsSimulation::access$000 (5 bytes)
Event: 37.420 Thread 0x14ed1000 nmethod 306 0x0279b4c8 code [0x0279b5c0, 0x0279b64c]
Event: 37.420 Thread 0x14ed1000  307   !         greenfoot.vmcomm.VMCommsSimulation::doInterVMComms (856 bytes)
Event: 37.423 Thread 0x14ed1000 nmethod 307 0x0279b6c8 code [0x0279bbb0, 0x0279e000]
Event: 37.436 Thread 0x14ed1000  308  s          greenfoot.core.Simulation::getSpeed (5 bytes)
Event: 37.436 Thread 0x14ed1000 nmethod 308 0x027a0208 code [0x027a0300, 0x027a04c0]
Event: 1607.386 Thread 0x14ed1000  309             java.util.Objects::requireNonNull (14 bytes)
Event: 1607.386 Thread 0x14ed1000 nmethod 309 0x027a0548 code [0x027a0650, 0x027a073c]

GC Heap History (8 events):
Event: 3.732 GC heap before
{Heap before GC invocations=0 (full 0):
 def new generation   total 4928K, used 4369K [0x04800000, 0x04d50000, 0x09d50000)
  eden space 4416K,  98% used [0x04800000, 0x04c44750, 0x04c50000)
  from space 512K,   0% used [0x04c50000, 0x04c50000, 0x04cd0000)
  to   space 512K,   0% used [0x04cd0000, 0x04cd0000, 0x04d50000)
 tenured generation   total 10944K, used 0K [0x09d50000, 0x0a800000, 0x14800000)
   the space 10944K,   0% used [0x09d50000, 0x09d50000, 0x09d50200, 0x0a800000)
 Metaspace       used 3738K, capacity 3926K, committed 4032K, reserved 4480K
Event: 3.735 GC heap after
Heap after GC invocations=1 (full 0):
 def new generation   total 4928K, used 512K [0x04800000, 0x04d50000, 0x09d50000)
  eden space 4416K,   0% used [0x04800000, 0x04800000, 0x04c50000)
  from space 512K, 100% used [0x04cd0000, 0x04d50000, 0x04d50000)
  to   space 512K,   0% used [0x04c50000, 0x04c50000, 0x04cd0000)
 tenured generation   total 10944K, used 558K [0x09d50000, 0x0a800000, 0x14800000)
   the space 10944K,   5% used [0x09d50000, 0x09ddbaa0, 0x09ddbc00, 0x0a800000)
 Metaspace       used 3738K, capacity 3926K, committed 4032K, reserved 4480K
}
Event: 4.328 GC heap before
{Heap before GC invocations=1 (full 0):
 def new generation   total 4928K, used 4928K [0x04800000, 0x04d50000, 0x09d50000)
  eden space 4416K, 100% used [0x04800000, 0x04c50000, 0x04c50000)
  from space 512K, 100% used [0x04cd0000, 0x04d50000, 0x04d50000)
  to   space 512K,   0% used [0x04c50000, 0x04c50000, 0x04cd0000)
 tenured generation   total 10944K, used 558K [0x09d50000, 0x0a800000, 0x14800000)
   the space 10944K,   5% used [0x09d50000, 0x09ddbaa0, 0x09ddbc00, 0x0a800000)
 Metaspace       used 6173K, capacity 6391K, committed 6400K, reserved 6528K
Event: 4.337 GC heap after
Heap after GC invocations=2 (full 0):
 def new generation   total 4928K, used 512K [0x04800000, 0x04d50000, 0x09d50000)
  eden space 4416K,   0% used [0x04800000, 0x04800000, 0x04c50000)
  from space 512K, 100% used [0x04c50000, 0x04cd0000, 0x04cd0000)
  to   space 512K,   0% used [0x04cd0000, 0x04cd0000, 0x04d50000)
 tenured generation   total 10944K, used 1307K [0x09d50000, 0x0a800000, 0x14800000)
   the space 10944K,  11% used [0x09d50000, 0x09e96ec8, 0x09e97000, 0x0a800000)
 Metaspace       used 6173K, capacity 6391K, committed 6400K, reserved 6528K
}
Event: 4.604 GC heap before
{Heap before GC invocations=2 (full 0):
 def new generation   total 4928K, used 4928K [0x04800000, 0x04d50000, 0x09d50000)
  eden space 4416K, 100% used [0x04800000, 0x04c50000, 0x04c50000)
  from space 512K, 100% used [0x04c50000, 0x04cd0000, 0x04cd0000)
  to   space 512K,   0% used [0x04cd0000, 0x04cd0000, 0x04d50000)
 tenured generation   total 10944K, used 1307K [0x09d50000, 0x0a800000, 0x14800000)
   the space 10944K,  11% used [0x09d50000, 0x09e96ec8, 0x09e97000, 0x0a800000)
 Metaspace       used 7754K, capacity 8030K, committed 8064K, reserved 8576K
Event: 4.608 GC heap after
Heap after GC invocations=3 (full 0):
 def new generation   total 4928K, used 512K [0x04800000, 0x04d50000, 0x09d50000)
  eden space 4416K,   0% used [0x04800000, 0x04800000, 0x04c50000)
  from space 512K, 100% used [0x04cd0000, 0x04d50000, 0x04d50000)
  to   space 512K,   0% used [0x04c50000, 0x04c50000, 0x04cd0000)
 tenured generation   total 10944K, used 2439K [0x09d50000, 0x0a800000, 0x14800000)
   the space 10944K,  22% used [0x09d50000, 0x09fb1cb8, 0x09fb1e00, 0x0a800000)
 Metaspace       used 7754K, capacity 8030K, committed 8064K, reserved 8576K
}
Event: 4.706 GC heap before
{Heap before GC invocations=3 (full 0):
 def new generation   total 4928K, used 801K [0x04800000, 0x04d50000, 0x09d50000)
  eden space 4416K,   6% used [0x04800000, 0x04848468, 0x04c50000)
  from space 512K, 100% used [0x04cd0000, 0x04d50000, 0x04d50000)
  to   space 512K,   0% used [0x04c50000, 0x04c50000, 0x04cd0000)
 tenured generation   total 10944K, used 2439K [0x09d50000, 0x0a800000, 0x14800000)
   the space 10944K,  22% used [0x09d50000, 0x09fb1cb8, 0x09fb1e00, 0x0a800000)
 Metaspace       used 7757K, capacity 8032K, committed 8064K, reserved 8576K
Event: 4.717 GC heap after
Heap after GC invocations=4 (full 1):
 def new generation   total 4992K, used 0K [0x04800000, 0x04d60000, 0x09d50000)
  eden space 4480K,   0% used [0x04800000, 0x04800000, 0x04c60000)
  from space 512K,   0% used [0x04c60000, 0x04c60000, 0x04ce0000)
  to   space 512K,   0% used [0x04ce0000, 0x04ce0000, 0x04d60000)
 tenured generation   total 10944K, used 2939K [0x09d50000, 0x0a800000, 0x14800000)
   the space 10944K,  26% used [0x09d50000, 0x0a02ed98, 0x0a02ee00, 0x0a800000)
 Metaspace       used 7757K, capacity 8032K, committed 8064K, reserved 8576K
}

Deoptimization events (0 events):
No events

Classes redefined (0 events):
No events

Internal exceptions (10 events):
Event: 0.606 Thread 0x00dce400 Exception <a 'java/security/PrivilegedActionException'> (0x048d6ab0) thrown at [C:\re\workspace\8-2-build-windows-i586-cygwin\jdk8u192\11897\hotspot\src\share\vm\prims\jvm.cpp, line 1435]
Event: 0.606 Thread 0x00dce400 Exception <a 'java/security/PrivilegedActionException'> (0x048d6cb0) thrown at [C:\re\workspace\8-2-build-windows-i586-cygwin\jdk8u192\11897\hotspot\src\share\vm\prims\jvm.cpp, line 1435]
Event: 0.627 Thread 0x00dce400 Exception <a 'java/io/FileNotFoundException'> (0x049293a0) thrown at [C:\re\workspace\8-2-build-windows-i586-cygwin\jdk8u192\11897\hotspot\src\share\vm\prims\jni.cpp, line 709]
Event: 0.681 Thread 0x00dce400 Exception <a 'java/lang/NoSuchFieldError': method resolution failed> (0x049e6bb0) thrown at [C:\re\workspace\8-2-build-windows-i586-cygwin\jdk8u192\11897\hotspot\src\share\vm\prims\methodHandles.cpp, line 1167]
Event: 0.684 Thread 0x00dce400 Exception <a 'java/lang/NoSuchFieldError': method resolution failed> (0x049f2d50) thrown at [C:\re\workspace\8-2-build-windows-i586-cygwin\jdk8u192\11897\hotspot\src\share\vm\prims\methodHandles.cpp, line 1167]
Event: 3.777 Thread 0x159a2000 Exception <a 'java/lang/ClassNotFoundException': sun/net/www/protocol/c/Handler> (0x0496a788) thrown at [C:\re\workspace\8-2-build-windows-i586-cygwin\jdk8u192\11897\hotspot\src\share\vm\classfile\systemDictionary.cpp, line 210]
Event: 3.778 Thread 0x159a2000 Exception <a 'java/lang/ClassNotFoundException': sun/net/www/protocol/c/Handler> (0x04971008) thrown at [C:\re\workspace\8-2-build-windows-i586-cygwin\jdk8u192\11897\hotspot\src\share\vm\classfile\systemDictionary.cpp, line 210]
Event: 3.778 Thread 0x159a2000 Exception <a 'java/lang/ClassNotFoundException': sun/net/www/protocol/c/Handler> (0x04976fe8) thrown at [C:\re\workspace\8-2-build-windows-i586-cygwin\jdk8u192\11897\hotspot\src\share\vm\classfile\systemDictionary.cpp, line 210]
Event: 3.953 Thread 0x159a2000 Exception <a 'java/io/FileNotFoundException'> (0x04a54bf8) thrown at [C:\re\workspace\8-2-build-windows-i586-cygwin\jdk8u192\11897\hotspot\src\share\vm\prims\jni.cpp, line 709]
Event: 4.458 Thread 0x15b23400 Exception <a 'java/lang/NullPointerException'> (0x04ac44e8) thrown at [C:\re\workspace\8-2-build-windows-i586-cygwin\jdk8u192\11897\hotspot\src\share\vm\interpreter\linkResolver.cpp, line 1185]

Events (10 events):
Event: 1607.777 Executing VM operation: Deoptimize
Event: 1607.777 Executing VM operation: Deoptimize done
Event: 1608.058 loading class javafx/collections/ModifiableObservableListBase$SubObservableList
Event: 1608.058 loading class javafx/collections/ModifiableObservableListBase$SubObservableList done
Event: 1609.058 Executing VM operation: RevokeBias
Event: 1609.058 Executing VM operation: RevokeBias done
Event: 1609.058 Thread 0x1c436800 Thread exited: 0x1c436800
Event: 1609.059 Thread 0x1c436c00 Thread exited: 0x1c436c00
Event: 1610.574 Thread 0x1c436c00 Thread added: 0x1c436c00
Event: 1611.611 Thread 0x1c436800 Thread added: 0x1c436800


Dynamic libraries:
0x01240000 - 0x01273000 	C:\Program Files (x86)\Greenfoot\jdk\jre\bin\java.exe
0x77db0000 - 0x77f30000 	C:\Windows\SysWOW64\ntdll.dll
0x778b0000 - 0x779c0000 	C:\Windows\syswow64\kernel32.dll
0x777c0000 - 0x77807000 	C:\Windows\syswow64\KERNELBASE.dll
0x77280000 - 0x77321000 	C:\Windows\syswow64\ADVAPI32.dll
0x75e20000 - 0x75ecc000 	C:\Windows\syswow64\msvcrt.dll
0x759b0000 - 0x759c9000 	C:\Windows\SysWOW64\sechost.dll
0x75ee0000 - 0x75fd0000 	C:\Windows\syswow64\RPCRT4.dll
0x754d0000 - 0x75530000 	C:\Windows\syswow64\SspiCli.dll
0x754c0000 - 0x754cc000 	C:\Windows\syswow64\CRYPTBASE.dll
0x76d20000 - 0x76e20000 	C:\Windows\syswow64\USER32.dll
0x75d90000 - 0x75e20000 	C:\Windows\syswow64\GDI32.dll
0x776e0000 - 0x776ea000 	C:\Windows\syswow64\LPK.dll
0x75cf0000 - 0x75d8d000 	C:\Windows\syswow64\USP10.dll
0x72590000 - 0x7272e000 	C:\Windows\WinSxS\x86_microsoft.windows.common-controls_6595b64144ccf1df_6.0.7601.18837_none_41e855142bd5705d\COMCTL32.dll
0x76fa0000 - 0x76ff7000 	C:\Windows\syswow64\SHLWAPI.dll
0x77640000 - 0x776a0000 	C:\Windows\system32\IMM32.DLL
0x776f0000 - 0x777bd000 	C:\Windows\syswow64\MSCTF.dll
0x70ed0000 - 0x70f8f000 	C:\Program Files (x86)\Greenfoot\jdk\jre\bin\msvcr100.dll
0x6fcd0000 - 0x700a5000 	C:\Program Files (x86)\Greenfoot\jdk\jre\bin\client\jvm.dll
0x73dc0000 - 0x73dc7000 	C:\Windows\system32\WSOCK32.dll
0x77330000 - 0x77365000 	C:\Windows\syswow64\WS2_32.dll
0x77000000 - 0x77006000 	C:\Windows\syswow64\NSI.dll
0x73f10000 - 0x73f42000 	C:\Windows\system32\WINMM.dll
0x753e0000 - 0x753e9000 	C:\Windows\system32\VERSION.dll
0x76e20000 - 0x76e25000 	C:\Windows\syswow64\PSAPI.DLL
0x73930000 - 0x7393c000 	C:\Program Files (x86)\Greenfoot\jdk\jre\bin\verify.dll
0x72950000 - 0x72972000 	C:\Program Files (x86)\Greenfoot\jdk\jre\bin\java.dll
0x6f5f0000 - 0x6f61b000 	C:\Program Files (x86)\Greenfoot\jdk\jre\bin\jdwp.dll
0x6f5a0000 - 0x6f5a7000 	C:\Program Files (x86)\Greenfoot\jdk\jre\bin\npt.dll
0x72750000 - 0x72764000 	C:\Program Files (x86)\Greenfoot\jdk\jre\bin\zip.dll
0x75fd0000 - 0x76c1c000 	C:\Windows\syswow64\SHELL32.dll
0x76e30000 - 0x76f8f000 	C:\Windows\syswow64\ole32.dll
0x75b00000 - 0x75b0b000 	C:\Windows\syswow64\profapi.dll
0x6f620000 - 0x6f629000 	C:\Program Files (x86)\Greenfoot\jdk\jre\bin\dt_shmem.dll
0x6f920000 - 0x6fa67000 	C:\Program Files (x86)\Greenfoot\jdk\jre\bin\awt.dll
0x77370000 - 0x77401000 	C:\Windows\syswow64\OLEAUT32.dll
0x740e0000 - 0x74160000 	C:\Windows\system32\uxtheme.dll
0x740c0000 - 0x740d3000 	C:\Windows\system32\dwmapi.dll
0x75150000 - 0x75167000 	C:\Windows\system32\CRYPTSP.dll
0x75080000 - 0x750bb000 	C:\Windows\system32\rsaenh.dll
0x776a0000 - 0x776b7000 	C:\Windows\syswow64\USERENV.dll
0x6f870000 - 0x6f885000 	C:\Program Files (x86)\Greenfoot\jdk\jre\bin\net.dll
0x750c0000 - 0x750fc000 	C:\Windows\system32\mswsock.dll
0x73db0000 - 0x73db6000 	C:\Windows\System32\wship6.dll
0x751e0000 - 0x751fc000 	C:\Windows\system32\IPHLPAPI.DLL
0x751d0000 - 0x751d7000 	C:\Windows\system32\WINNSI.DLL
0x74310000 - 0x7431d000 	C:\Windows\system32\dhcpcsvc6.DLL
0x742f0000 - 0x74302000 	C:\Windows\system32\dhcpcsvc.DLL
0x6f830000 - 0x6f83f000 	C:\Program Files (x86)\Greenfoot\jdk\jre\bin\nio.dll
0x6f720000 - 0x6f7e8000 	C:\Windows\system32\opengl32.dll
0x6f840000 - 0x6f862000 	C:\Windows\system32\GLU32.dll
0x6f630000 - 0x6f717000 	C:\Windows\system32\DDRAW.dll
0x6f8d0000 - 0x6f8d6000 	C:\Windows\system32\DCIMAN32.dll
0x77410000 - 0x775ad000 	C:\Windows\syswow64\SETUPAPI.dll
0x75980000 - 0x759a7000 	C:\Windows\syswow64\CFGMGR32.dll
0x76ca0000 - 0x76cb2000 	C:\Windows\syswow64\DEVOBJ.dll
0x72780000 - 0x72943000 	C:\Windows\system32\d3d9.dll
0x72770000 - 0x72776000 	C:\Windows\system32\d3d8thk.dll
0x65450000 - 0x66079000 	C:\Windows\system32\nvd3dum.dll
0x71880000 - 0x719f7000 	C:\Windows\system32\nvspcap.dll
0x75170000 - 0x751c8000 	C:\Windows\system32\WINHTTP.dll
0x75100000 - 0x75150000 	C:\Windows\system32\webio.dll
0x71550000 - 0x71879000 	C:\Windows\system32\nvapi.dll
0x73490000 - 0x734b5000 	C:\Windows\system32\powrprof.dll
0x6fa70000 - 0x6fb30000 	C:\Program Files (x86)\NVIDIA Corporation\3D Vision\nvSCPAPI.dll
0x76c70000 - 0x76c9f000 	C:\Windows\syswow64\WINTRUST.dll
0x759d0000 - 0x75af2000 	C:\Windows\syswow64\CRYPT32.dll
0x77820000 - 0x7782c000 	C:\Windows\syswow64\MSASN1.dll
0x73250000 - 0x73253000 	C:\Program Files (x86)\Greenfoot\jdk\jre\bin\api-ms-win-core-console-l1-1-0.dll
0x73090000 - 0x73093000 	C:\Program Files (x86)\Greenfoot\jdk\jre\bin\api-ms-win-core-datetime-l1-1-0.dll
0x72a50000 - 0x72a53000 	C:\Program Files (x86)\Greenfoot\jdk\jre\bin\api-ms-win-core-debug-l1-1-0.dll
0x72740000 - 0x72743000 	C:\Program Files (x86)\Greenfoot\jdk\jre\bin\api-ms-win-core-errorhandling-l1-1-0.dll
0x71390000 - 0x71394000 	C:\Program Files (x86)\Greenfoot\jdk\jre\bin\api-ms-win-core-file-l1-1-0.dll
0x71380000 - 0x71383000 	C:\Program Files (x86)\Greenfoot\jdk\jre\bin\api-ms-win-core-file-l1-2-0.dll
0x71370000 - 0x71373000 	C:\Program Files (x86)\Greenfoot\jdk\jre\bin\api-ms-win-core-file-l2-1-0.dll
0x71360000 - 0x71363000 	C:\Program Files (x86)\Greenfoot\jdk\jre\bin\api-ms-win-core-handle-l1-1-0.dll
0x71350000 - 0x71353000 	C:\Program Files (x86)\Greenfoot\jdk\jre\bin\api-ms-win-core-heap-l1-1-0.dll
0x71340000 - 0x71343000 	C:\Program Files (x86)\Greenfoot\jdk\jre\bin\api-ms-win-core-interlocked-l1-1-0.dll
0x71330000 - 0x71333000 	C:\Program Files (x86)\Greenfoot\jdk\jre\bin\api-ms-win-core-libraryloader-l1-1-0.dll
0x71320000 - 0x71323000 	C:\Program Files (x86)\Greenfoot\jdk\jre\bin\api-ms-win-core-localization-l1-2-0.dll
0x71310000 - 0x71313000 	C:\Program Files (x86)\Greenfoot\jdk\jre\bin\api-ms-win-core-memory-l1-1-0.dll
0x71270000 - 0x71273000 	C:\Program Files (x86)\Greenfoot\jdk\jre\bin\api-ms-win-core-namedpipe-l1-1-0.dll
0x71260000 - 0x71263000 	C:\Program Files (x86)\Greenfoot\jdk\jre\bin\api-ms-win-core-processenvironment-l1-1-0.dll
0x71250000 - 0x71253000 	C:\Program Files (x86)\Greenfoot\jdk\jre\bin\api-ms-win-core-processthreads-l1-1-0.dll
0x71240000 - 0x71243000 	C:\Program Files (x86)\Greenfoot\jdk\jre\bin\api-ms-win-core-processthreads-l1-1-1.dll
0x71230000 - 0x71233000 	C:\Program Files (x86)\Greenfoot\jdk\jre\bin\api-ms-win-core-profile-l1-1-0.dll
0x70eb0000 - 0x70eb3000 	C:\Program Files (x86)\Greenfoot\jdk\jre\bin\api-ms-win-core-rtlsupport-l1-1-0.dll
0x70ec0000 - 0x70ec3000 	C:\Program Files (x86)\Greenfoot\jdk\jre\bin\api-ms-win-core-string-l1-1-0.dll
0x70e90000 - 0x70e93000 	C:\Program Files (x86)\Greenfoot\jdk\jre\bin\api-ms-win-core-synch-l1-1-0.dll
0x70ea0000 - 0x70ea3000 	C:\Program Files (x86)\Greenfoot\jdk\jre\bin\api-ms-win-core-synch-l1-2-0.dll
0x70e70000 - 0x70e73000 	C:\Program Files (x86)\Greenfoot\jdk\jre\bin\api-ms-win-core-sysinfo-l1-1-0.dll
0x70e80000 - 0x70e83000 	C:\Program Files (x86)\Greenfoot\jdk\jre\bin\api-ms-win-core-timezone-l1-1-0.dll
0x70e50000 - 0x70e53000 	C:\Program Files (x86)\Greenfoot\jdk\jre\bin\api-ms-win-core-util-l1-1-0.dll
0x70e60000 - 0x70e63000 	C:\Program Files (x86)\Greenfoot\jdk\jre\bin\api-ms-win-crt-conio-l1-1-0.dll
0x70e30000 - 0x70e34000 	C:\Program Files (x86)\Greenfoot\jdk\jre\bin\api-ms-win-crt-convert-l1-1-0.dll
0x70e40000 - 0x70e43000 	C:\Program Files (x86)\Greenfoot\jdk\jre\bin\api-ms-win-crt-environment-l1-1-0.dll
0x70e10000 - 0x70e13000 	C:\Program Files (x86)\Greenfoot\jdk\jre\bin\api-ms-win-crt-filesystem-l1-1-0.dll
0x70e20000 - 0x70e23000 	C:\Program Files (x86)\Greenfoot\jdk\jre\bin\api-ms-win-crt-heap-l1-1-0.dll
0x70e00000 - 0x70e03000 	C:\Program Files (x86)\Greenfoot\jdk\jre\bin\api-ms-win-crt-locale-l1-1-0.dll
0x70df0000 - 0x70df5000 	C:\Program Files (x86)\Greenfoot\jdk\jre\bin\api-ms-win-crt-math-l1-1-0.dll
0x70de0000 - 0x70de5000 	C:\Program Files (x86)\Greenfoot\jdk\jre\bin\api-ms-win-crt-multibyte-l1-1-0.dll
0x70dd0000 - 0x70de0000 	C:\Program Files (x86)\Greenfoot\jdk\jre\bin\api-ms-win-crt-private-l1-1-0.dll
0x70dc0000 - 0x70dc3000 	C:\Program Files (x86)\Greenfoot\jdk\jre\bin\api-ms-win-crt-process-l1-1-0.dll
0x70db0000 - 0x70db4000 	C:\Program Files (x86)\Greenfoot\jdk\jre\bin\api-ms-win-crt-runtime-l1-1-0.dll
0x70da0000 - 0x70da4000 	C:\Program Files (x86)\Greenfoot\jdk\jre\bin\api-ms-win-crt-stdio-l1-1-0.dll
0x70d90000 - 0x70d94000 	C:\Program Files (x86)\Greenfoot\jdk\jre\bin\api-ms-win-crt-string-l1-1-0.dll
0x70d80000 - 0x70d83000 	C:\Program Files (x86)\Greenfoot\jdk\jre\bin\api-ms-win-crt-time-l1-1-0.dll
0x70d70000 - 0x70d73000 	C:\Program Files (x86)\Greenfoot\jdk\jre\bin\api-ms-win-crt-utility-l1-1-0.dll
0x6fbb0000 - 0x6fcc8000 	C:\Program Files (x86)\Greenfoot\jdk\jre\bin\ucrtbase.dll
0x70d50000 - 0x70d64000 	C:\Program Files (x86)\Greenfoot\jdk\jre\bin\vcruntime140.dll
0x70ce0000 - 0x70d4c000 	C:\Program Files (x86)\Greenfoot\jdk\jre\bin\msvcp140.dll
0x6fb70000 - 0x6fbab000 	C:\Program Files (x86)\Greenfoot\jdk\jre\bin\concrt140.dll
0x70cc0000 - 0x70cdf000 	C:\Program Files (x86)\Greenfoot\jdk\jre\bin\prism_d3d.dll
0x6fb30000 - 0x6fb68000 	C:\Program Files (x86)\Greenfoot\jdk\jre\bin\glass.dll
0x77830000 - 0x778ab000 	C:\Windows\syswow64\COMDLG32.dll
0x6f550000 - 0x6f55a000 	C:\Program Files (x86)\Greenfoot\jdk\jre\bin\jsound.dll
0x6f520000 - 0x6f529000 	C:\Program Files (x86)\Greenfoot\jdk\jre\bin\jsoundds.dll
0x6efa0000 - 0x6f012000 	C:\Windows\system32\DSOUND.dll
0x73780000 - 0x737b9000 	C:\Windows\system32\MMDevAPI.DLL
0x73b40000 - 0x73c35000 	C:\Windows\system32\PROPSYS.dll
0x6f4c0000 - 0x6f4f0000 	C:\Windows\system32\wdmaud.drv
0x73450000 - 0x73454000 	C:\Windows\system32\ksuser.dll
0x73c40000 - 0x73c47000 	C:\Windows\system32\AVRT.dll
0x73c50000 - 0x73c86000 	C:\Windows\system32\AUDIOSES.DLL
0x6f510000 - 0x6f518000 	C:\Windows\system32\msacm32.drv
0x73940000 - 0x73954000 	C:\Windows\system32\MSACM32.dll
0x6f500000 - 0x6f507000 	C:\Windows\system32\midimap.dll

VM Arguments:
jvm_args: -Dawt.useSystemAAFontSettings=on -XX:MaxGCPauseMillis=50 -agentlib:jdwp=transport=dt_shmem,address=javadebug -Dfile.encoding=UTF-8 
java_command: bluej.runtime.ExecServer UTF-8
java_class_path (initial): C:\Program Files (x86)\Greenfoot\lib\extensions\greenfoot.jar;C:\Program Files (x86)\Greenfoot\lib\bluejcore.jar;C:\Program Files (x86)\Greenfoot\lib\bluejeditor.jar;C:\Program Files (x86)\Greenfoot\lib\bluejext.jar;C:\Program Files (x86)\Greenfoot\lib\AppleJavaExtensions.jar;C:\Program Files (x86)\Greenfoot\lib\junit-4.11.jar;C:\Program Files (x86)\Greenfoot\lib\hamcrest-core-1.3.jar;C:\Program Files (x86)\Greenfoot\lib\bluej.jar;C:\Program Files (x86)\Greenfoot\lib\diffutils-1.2.1.jar;C:\Program Files (x86)\Greenfoot\lib\commons-logging-api-1.1.2.jar;C:\Program Files (x86)\Greenfoot\lib\jl1.0.1.jar;C:\Program Files (x86)\Greenfoot\lib\opencsv-2.3.jar;C:\Program Files (x86)\Greenfoot\lib\xom-1.2.9.jar;C:\Program Files (x86)\Greenfoot\lib\lang-stride.jar;C:\Program Files (x86)\Greenfoot\lib\nsmenufx-2.1.4.jar;C:\Program Files (x86)\Greenfoot\lib\richtextfx-fat-0.9.0.jar;C:\Program Files (x86)\Greenfoot\lib\guava-17.0.jar;C:\Program Files (x86)\Greenfoot\lib\javassist-3.18.0.jar;C:\Program Files (x86)\Greenfoot\lib\commons-vfs2-2.0.jar;C:\Program Files (x86)\Greenfoot\lib\httpclient-4.1.1.jar;C:\Program Files (x86)\Greenfoot\lib\httpcore-4.1.jar;C:\Program Files (x86)\Greenfoot\lib\httpmime-4.1.1.jar
Launcher Type: SUN_STANDARD

Environment Variables:
PATH=C:\ProgramData\Oracle\Java\javapath;C:\Windows\system32;C:\Windows;C:\Windows\System32\Wbem;C:\Windows\System32\WindowsPowerShell\v1.0\;C:\Program Files (x86)\NVIDIA Corporation\PhysX\Common;C:\Program Files\Git\cmd;C:\Users\Gebruiker\AppData\Local\GitHubDesktop\bin
USERNAME=Gebruiker
OS=Windows_NT
PROCESSOR_IDENTIFIER=AMD64 Family 21 Model 2 Stepping 0, AuthenticAMD



---------------  S Y S T E M  ---------------

OS: Windows 7 , 64 bit Build 7601 (6.1.7601.24335)

CPU:total 8 (initial active 8) (8 cores per cpu, 1 threads per core) family 21 model 2 stepping 0, cmov, cx8, fxsr, mmx, sse, sse2, sse3, ssse3, sse4.1, sse4.2, popcnt, avx, aes, clmul, mmxext, 3dnowpref, lzcnt, sse4a, tsc, tscinvbit, tscinv, bmi1

Memory: 4k page, physical 8387760k(4105396k free), swap 16773616k(11164808k free)

vm_info: Java HotSpot(TM) Client VM (25.192-b12) for windows-x86 JRE (1.8.0_192-b12), built on Oct  6 2018 16:11:13 by "java_re" with MS VC++ 10.0 (VS2010)

time: Thu Jan 17 23:17:27 2019
timezone: West-Europa (standaardtijd)
elapsed time: 1612 seconds (0d 0h 26m 52s)

