#
# A fatal error has been detected by the Java Runtime Environment:
#
#  Internal Error (safepoint.cpp:687), pid=3004, tid=0x00000d24
#  fatal error: Deadlock in safepoint code.  Should have called back to the VM before blocking.
#
# JRE version: Java(TM) SE Runtime Environment (8.0_192-b12) (build 1.8.0_192-b12)
# Java VM: Java HotSpot(TM) Client VM (25.192-b12 mixed mode windows-x86 )
# Failed to write core dump. Minidumps are not enabled by default on client versions of Windows
#
# If you would like to submit a bug report, please visit:
#   http://bugreport.java.com/bugreport/crash.jsp
#

---------------  T H R E A D  ---------------

Current thread (0x2644c800):  JavaThread "JavaFX Application Thread" [_thread_in_native_trans, id=3364, stack(0x27160000,0x27360000)]

Stack: [0x27160000,0x27360000],  sp=0x2735f0ec,  free space=2044k
Native frames: (J=compiled Java code, j=interpreted, Vv=VM code, C=native code)
V  [jvm.dll+0x1adaab]
V  [jvm.dll+0x1a5f06]
V  [jvm.dll+0x16bb61]
V  [jvm.dll+0x17d86a]
V  [jvm.dll+0x7331]
V  [jvm.dll+0xe09ed]
C  [glass.dll+0x469c]

Java frames: (J=compiled Java code, j=interpreted, Vv=VM code)
j  com.sun.glass.ui.win.WinApplication._runLoop(Ljava/lang/Runnable;)V+0
j  com.sun.glass.ui.win.WinApplication.lambda$null$147(ILjava/lang/Runnable;)V+8
j  com.sun.glass.ui.win.WinApplication$$Lambda$39.run()V+12
j  java.lang.Thread.run()V+11
v  ~StubRoutines::call_stub

---------------  P R O C E S S  ---------------

Java Threads: ( => current thread )
  0x38eaa800 JavaThread "pool-2-thread-3" [_thread_blocked, id=5588, stack(0x3ce20000,0x3d020000)]
  0x265cd400 JavaThread "pool-2-thread-2" [_thread_blocked, id=3320, stack(0x3cc20000,0x3ce20000)]
  0x265cc400 JavaThread "pool-2-thread-1" [_thread_blocked, id=6036, stack(0x3ca20000,0x3cc20000)]
  0x38ea9000 JavaThread "pool-4-thread-8" [_thread_blocked, id=5428, stack(0x3b530000,0x3b730000)]
  0x38ea8c00 JavaThread "pool-4-thread-7" [_thread_blocked, id=4860, stack(0x3af40000,0x3b140000)]
  0x38ea8400 JavaThread "pool-4-thread-6" [_thread_blocked, id=3204, stack(0x3ad00000,0x3af00000)]
  0x38ea7c00 JavaThread "pool-4-thread-5" [_thread_blocked, id=1328, stack(0x3aac0000,0x3acc0000)]
  0x38ea7800 JavaThread "pool-4-thread-4" [_thread_blocked, id=2128, stack(0x3a880000,0x3aa80000)]
  0x265d2000 JavaThread "pool-4-thread-3" [_thread_blocked, id=3484, stack(0x3a640000,0x3a840000)]
  0x265d1c00 JavaThread "pool-4-thread-2" [_thread_blocked, id=2068, stack(0x3a400000,0x3a600000)]
  0x265d1000 JavaThread "pool-4-thread-1" [_thread_blocked, id=5064, stack(0x3a1c0000,0x3a3c0000)]
  0x265d1400 JavaThread "Disposer" daemon [_thread_blocked, id=4072, stack(0x389f0000,0x38bf0000)]
  0x265d0800 JavaThread "vm-event-handler" [_thread_blocked, id=4668, stack(0x35fe0000,0x361e0000)]
  0x265d0000 JavaThread "BlueJ I/O Handler" [_thread_blocked, id=2400, stack(0x35de0000,0x35fe0000)]
  0x265cfc00 JavaThread "BlueJ I/O Handler" [_thread_in_native, id=1696, stack(0x35be0000,0x35de0000)]
  0x265cf400 JavaThread "BlueJ I/O Handler" [_thread_in_native, id=4444, stack(0x359e0000,0x35be0000)]
  0x265cf000 JavaThread "JDI Target VM Interface" daemon [_thread_in_native, id=2780, stack(0x356e0000,0x358e0000)]
  0x265ce800 JavaThread "JDI Internal Event Handler" daemon [_thread_blocked, id=1220, stack(0x354e0000,0x356e0000)]
  0x265ce400 JavaThread "Timer-0" [_thread_blocked, id=4484, stack(0x352e0000,0x354e0000)]
  0x265cdc00 JavaThread "Thread-11" [_thread_blocked, id=5504, stack(0x350e0000,0x352e0000)]
  0x265cb800 JavaThread "TimerQueue" daemon [_thread_blocked, id=5984, stack(0x315b0000,0x317b0000)]
  0x265cb000 JavaThread "AWT-EventQueue-0" [_thread_blocked, id=5320, stack(0x2bc40000,0x2be40000)]
  0x265ca800 JavaThread "Prism Font Disposer" daemon [_thread_blocked, id=2260, stack(0x2b2d0000,0x2b4d0000)]
  0x264afc00 JavaThread "Thread-5" [_thread_blocked, id=3748, stack(0x292a0000,0x294a0000)]
  0x26474800 JavaThread "AWT-Windows" daemon [_thread_in_native, id=5540, stack(0x29060000,0x29260000)]
  0x26474400 JavaThread "AWT-Shutdown" [_thread_blocked, id=4448, stack(0x28e20000,0x29020000)]
  0x26509c00 JavaThread "Java2D Disposer" daemon [_thread_blocked, id=2796, stack(0x28c20000,0x28e20000)]
  0x2646c000 JavaThread "Thread-3" daemon [_thread_blocked, id=4736, stack(0x28920000,0x28b20000)]
=>0x2644c800 JavaThread "JavaFX Application Thread" [_thread_in_native_trans, id=3364, stack(0x27160000,0x27360000)]
  0x2644c400 JavaThread "Thread-2" daemon [_thread_blocked, id=2916, stack(0x26f60000,0x27160000)]
  0x251f5400 JavaThread "QuantumRenderer-0" daemon [_thread_blocked, id=5008, stack(0x26800000,0x26a00000)]
  0x251ca000 JavaThread "JavaFX-Launcher" [_thread_blocked, id=4664, stack(0x26200000,0x26400000)]
  0x25082000 JavaThread "Service Thread" daemon [_thread_blocked, id=5036, stack(0x25e00000,0x26000000)]
  0x2507b000 JavaThread "C1 CompilerThread0" daemon [_thread_blocked, id=4764, stack(0x25c00000,0x25e00000)]
  0x2508b800 JavaThread "Attach Listener" daemon [_thread_blocked, id=2092, stack(0x25a00000,0x25c00000)]
  0x25088800 JavaThread "Signal Dispatcher" daemon [_thread_blocked, id=4620, stack(0x25800000,0x25a00000)]
  0x02321000 JavaThread "Finalizer" daemon [_thread_blocked, id=3972, stack(0x25600000,0x25800000)]
  0x0231c400 JavaThread "Reference Handler" daemon [_thread_blocked, id=1160, stack(0x25400000,0x25600000)]
  0x002dd000 JavaThread "main" [_thread_blocked, id=3340, stack(0x00090000,0x00290000)]

Other Threads:
  0x02315800 VMThread [stack: 0x25200000,0x25400000] [id=5980]
  0x25084000 WatcherThread [stack: 0x26000000,0x26200000] [id=4680]

VM state:synchronizing (normal execution)

VM Mutex/Monitor currently owned by a thread:  ([mutex/lock_event])
[0x002dac60] Threads_lock - owner thread: 0x02315800

OutOfMemory and StackOverflow Exception counts:
OutOfMemoryError java_heap_errors=56

Heap:
 def new generation   total 157248K, used 157229K [0x04800000, 0x0f2a0000, 0x0f2a0000)
  eden space 139776K,  99% used [0x04800000, 0x0d07ba90, 0x0d080000)
  from space 17472K,  99% used [0x0e190000, 0x0f29fc10, 0x0f2a0000)
  to   space 17472K,   0% used [0x0d080000, 0x0d080000, 0x0e190000)
 tenured generation   total 349568K, used 349563K [0x0f2a0000, 0x24800000, 0x24800000)
   the space 349568K,  99% used [0x0f2a0000, 0x247feee8, 0x247ff000, 0x24800000)
 Metaspace       used 32645K, capacity 35445K, committed 35584K, reserved 36224K

Card table byte_map: [0x24800000,0x24910000] byte_map_base: 0x247dc000

Polling page: 0x002e0000

CodeCache: size=32768Kb used=6235Kb max_used=9119Kb free=26532Kb
 bounds [0x02730000, 0x03020000, 0x04730000]
 total_blobs=4919 nmethods=4422 adapters=426
 compilation: enabled

Compilation events (10 events):
Event: 3529.388 Thread 0x2507b000 38570             java.nio.CharBuffer::charAt (16 bytes)
Event: 3529.735 Thread 0x2507b000 nmethod 38570 0x027fd4c8 code [0x027fd5e0, 0x027fd708]
Event: 3529.737 Thread 0x2507b000 38571             java.nio.Buffer::checkIndex (24 bytes)
Event: 3530.082 Thread 0x2507b000 nmethod 38571 0x027fd248 code [0x027fd350, 0x027fd44c]
Event: 3530.711 Thread 0x2507b000 38572             org.fxmisc.richtext.model.StyleSpan::<init> (29 bytes)
Event: 3530.711 Thread 0x2507b000 nmethod 38572 0x02ab9648 code [0x02ab9750, 0x02ab985c]
Event: 3530.712 Thread 0x2507b000 38573             com.sun.javafx.collections.ObservableMapWrapper::callObservers (9 bytes)
Event: 3530.712 Thread 0x2507b000 nmethod 38573 0x02ab9408 code [0x02ab9510, 0x02ab95ac]
Event: 3644.814 Thread 0x2507b000 38574             java.util.regex.Pattern$GroupHead::match (47 bytes)
Event: 3645.158 Thread 0x2507b000 nmethod 38574 0x02b8be88 code [0x02b8bf90, 0x02b8c0ac]

GC Heap History (10 events):
Event: 3644.189 GC heap before
{Heap before GC invocations=515 (full 463):
 def new generation   total 157248K, used 157247K [0x04800000, 0x0f2a0000, 0x0f2a0000)
  eden space 139776K,  99% used [0x04800000, 0x0d07fff8, 0x0d080000)
  from space 17472K, 100% used [0x0e190000, 0x0f2a0000, 0x0f2a0000)
  to   space 17472K,   0% used [0x0d080000, 0x0d080000, 0x0e190000)
 tenured generation   total 349568K, used 349567K [0x0f2a0000, 0x24800000, 0x24800000)
   the space 349568K,  99% used [0x0f2a0000, 0x247ffff8, 0x24800000, 0x24800000)
 Metaspace       used 32644K, capacity 35445K, committed 35584K, reserved 36224K
Event: 3644.491 GC heap after
Heap after GC invocations=516 (full 464):
 def new generation   total 157248K, used 157223K [0x04800000, 0x0f2a0000, 0x0f2a0000)
  eden space 139776K,  99% used [0x04800000, 0x0d07a1f0, 0x0d080000)
  from space 17472K,  99% used [0x0e190000, 0x0f29fc38, 0x0f2a0000)
  to   space 17472K,   0% used [0x0d080000, 0x0d080000, 0x0e190000)
 tenured generation   total 349568K, used 349563K [0x0f2a0000, 0x24800000, 0x24800000)
   the space 349568K,  99% used [0x0f2a0000, 0x247feee8, 0x247ff000, 0x24800000)
 Metaspace       used 32644K, capacity 35445K, committed 35584K, reserved 36224K
}
Event: 3644.492 GC heap before
{Heap before GC invocations=516 (full 464):
 def new generation   total 157248K, used 157242K [0x04800000, 0x0f2a0000, 0x0f2a0000)
  eden space 139776K,  99% used [0x04800000, 0x0d07ef10, 0x0d080000)
  from space 17472K,  99% used [0x0e190000, 0x0f29fc38, 0x0f2a0000)
  to   space 17472K,   0% used [0x0d080000, 0x0d080000, 0x0e190000)
 tenured generation   total 349568K, used 349563K [0x0f2a0000, 0x24800000, 0x24800000)
   the space 349568K,  99% used [0x0f2a0000, 0x247feee8, 0x247ff000, 0x24800000)
 Metaspace       used 32644K, capacity 35445K, committed 35584K, reserved 36224K
Event: 3644.813 GC heap after
Heap after GC invocations=517 (full 465):
 def new generation   total 157248K, used 157221K [0x04800000, 0x0f2a0000, 0x0f2a0000)
  eden space 139776K,  99% used [0x04800000, 0x0d079800, 0x0d080000)
  from space 17472K,  99% used [0x0e190000, 0x0f29fc10, 0x0f2a0000)
  to   space 17472K,   0% used [0x0d080000, 0x0d080000, 0x0e190000)
 tenured generation   total 349568K, used 349563K [0x0f2a0000, 0x24800000, 0x24800000)
   the space 349568K,  99% used [0x0f2a0000, 0x247feee8, 0x247ff000, 0x24800000)
 Metaspace       used 32644K, capacity 35445K, committed 35584K, reserved 36224K
}
Event: 3644.814 GC heap before
{Heap before GC invocations=517 (full 465):
 def new generation   total 157248K, used 157243K [0x04800000, 0x0f2a0000, 0x0f2a0000)
  eden space 139776K,  99% used [0x04800000, 0x0d07f138, 0x0d080000)
  from space 17472K,  99% used [0x0e190000, 0x0f29fc10, 0x0f2a0000)
  to   space 17472K,   0% used [0x0d080000, 0x0d080000, 0x0e190000)
 tenured generation   total 349568K, used 349563K [0x0f2a0000, 0x24800000, 0x24800000)
   the space 349568K,  99% used [0x0f2a0000, 0x247feee8, 0x247ff000, 0x24800000)
 Metaspace       used 32645K, capacity 35445K, committed 35584K, reserved 36224K
Event: 3645.158 GC heap after
Heap after GC invocations=518 (full 466):
 def new generation   total 157248K, used 157225K [0x04800000, 0x0f2a0000, 0x0f2a0000)
  eden space 139776K,  99% used [0x04800000, 0x0d07abe0, 0x0d080000)
  from space 17472K,  99% used [0x0e190000, 0x0f29fc10, 0x0f2a0000)
  to   space 17472K,   0% used [0x0d080000, 0x0d080000, 0x0e190000)
 tenured generation   total 349568K, used 349563K [0x0f2a0000, 0x24800000, 0x24800000)
   the space 349568K,  99% used [0x0f2a0000, 0x247feee8, 0x247ff000, 0x24800000)
 Metaspace       used 32645K, capacity 35445K, committed 35584K, reserved 36224K
}
Event: 3645.158 GC heap before
{Heap before GC invocations=518 (full 466):
 def new generation   total 157248K, used 157237K [0x04800000, 0x0f2a0000, 0x0f2a0000)
  eden space 139776K,  99% used [0x04800000, 0x0d07d808, 0x0d080000)
  from space 17472K,  99% used [0x0e190000, 0x0f29fc10, 0x0f2a0000)
  to   space 17472K,   0% used [0x0d080000, 0x0d080000, 0x0e190000)
 tenured generation   total 349568K, used 349563K [0x0f2a0000, 0x24800000, 0x24800000)
   the space 349568K,  99% used [0x0f2a0000, 0x247feee8, 0x247ff000, 0x24800000)
 Metaspace       used 32645K, capacity 35445K, committed 35584K, reserved 36224K
Event: 3645.487 GC heap after
Heap after GC invocations=519 (full 467):
 def new generation   total 157248K, used 157229K [0x04800000, 0x0f2a0000, 0x0f2a0000)
  eden space 139776K,  99% used [0x04800000, 0x0d07ba90, 0x0d080000)
  from space 17472K,  99% used [0x0e190000, 0x0f29fc10, 0x0f2a0000)
  to   space 17472K,   0% used [0x0d080000, 0x0d080000, 0x0e190000)
 tenured generation   total 349568K, used 349563K [0x0f2a0000, 0x24800000, 0x24800000)
   the space 349568K,  99% used [0x0f2a0000, 0x247feee8, 0x247ff000, 0x24800000)
 Metaspace       used 32645K, capacity 35445K, committed 35584K, reserved 36224K
}
Event: 3645.487 GC heap before
{Heap before GC invocations=519 (full 467):
 def new generation   total 157248K, used 157229K [0x04800000, 0x0f2a0000, 0x0f2a0000)
  eden space 139776K,  99% used [0x04800000, 0x0d07ba90, 0x0d080000)
  from space 17472K,  99% used [0x0e190000, 0x0f29fc10, 0x0f2a0000)
  to   space 17472K,   0% used [0x0d080000, 0x0d080000, 0x0e190000)
 tenured generation   total 349568K, used 349563K [0x0f2a0000, 0x24800000, 0x24800000)
   the space 349568K,  99% used [0x0f2a0000, 0x247feee8, 0x247ff000, 0x24800000)
 Metaspace       used 32645K, capacity 35445K, committed 35584K, reserved 36224K
Event: 3645.800 GC heap after
Heap after GC invocations=520 (full 468):
 def new generation   total 157248K, used 157229K [0x04800000, 0x0f2a0000, 0x0f2a0000)
  eden space 139776K,  99% used [0x04800000, 0x0d07ba90, 0x0d080000)
  from space 17472K,  99% used [0x0e190000, 0x0f29fc10, 0x0f2a0000)
  to   space 17472K,   0% used [0x0d080000, 0x0d080000, 0x0e190000)
 tenured generation   total 349568K, used 349563K [0x0f2a0000, 0x24800000, 0x24800000)
   the space 349568K,  99% used [0x0f2a0000, 0x247feee8, 0x247ff000, 0x24800000)
 Metaspace       used 32645K, capacity 35445K, committed 35584K, reserved 36224K
}

Deoptimization events (0 events):
No events

Classes redefined (0 events):
No events

Internal exceptions (10 events):
Event: 3630.317 Thread 0x2644c800 Exception <a 'java/lang/OutOfMemoryError'> (0x0f2d4aa8) thrown at [C:\re\workspace\8-2-build-windows-i586-cygwin\jdk8u192\11897\hotspot\src\share\vm\gc_interface/collectedHeap.inline.hpp, line 159]
Event: 3632.216 Thread 0x2644c800 Exception <a 'java/lang/OutOfMemoryError'> (0x0f2d4aa8) thrown at [C:\re\workspace\8-2-build-windows-i586-cygwin\jdk8u192\11897\hotspot\src\share\vm\gc_interface/collectedHeap.inline.hpp, line 159]
Event: 3633.853 Thread 0x2644c800 Exception <a 'java/lang/OutOfMemoryError'> (0x0f2d4aa8) thrown at [C:\re\workspace\8-2-build-windows-i586-cygwin\jdk8u192\11897\hotspot\src\share\vm\gc_interface/collectedHeap.inline.hpp, line 159]
Event: 3635.473 Thread 0x2644c800 Exception <a 'java/lang/OutOfMemoryError'> (0x0f2d4aa8) thrown at [C:\re\workspace\8-2-build-windows-i586-cygwin\jdk8u192\11897\hotspot\src\share\vm\gc_interface/collectedHeap.inline.hpp, line 159]
Event: 3637.415 Thread 0x2644c800 Exception <a 'java/lang/OutOfMemoryError'> (0x0f2d4aa8) thrown at [C:\re\workspace\8-2-build-windows-i586-cygwin\jdk8u192\11897\hotspot\src\share\vm\gc_interface/collectedHeap.inline.hpp, line 159]
Event: 3639.034 Thread 0x2644c800 Exception <a 'java/lang/OutOfMemoryError'> (0x0f2d4aa8) thrown at [C:\re\workspace\8-2-build-windows-i586-cygwin\jdk8u192\11897\hotspot\src\share\vm\gc_interface/collectedHeap.inline.hpp, line 159]
Event: 3640.646 Thread 0x2644c800 Exception <a 'java/lang/OutOfMemoryError'> (0x0f2d4aa8) thrown at [C:\re\workspace\8-2-build-windows-i586-cygwin\jdk8u192\11897\hotspot\src\share\vm\gc_interface/collectedHeap.inline.hpp, line 159]
Event: 3642.580 Thread 0x2644c800 Exception <a 'java/lang/OutOfMemoryError'> (0x0f2d4aa8) thrown at [C:\re\workspace\8-2-build-windows-i586-cygwin\jdk8u192\11897\hotspot\src\share\vm\gc_interface/collectedHeap.inline.hpp, line 159]
Event: 3644.188 Thread 0x2644c800 Exception <a 'java/lang/OutOfMemoryError'> (0x0f2d4aa8) thrown at [C:\re\workspace\8-2-build-windows-i586-cygwin\jdk8u192\11897\hotspot\src\share\vm\gc_interface/collectedHeap.inline.hpp, line 159]
Event: 3645.800 Thread 0x2644c800 Exception <a 'java/lang/OutOfMemoryError'> (0x0f2d4aa8) thrown at [C:\re\workspace\8-2-build-windows-i586-cygwin\jdk8u192\11897\hotspot\src\share\vm\gc_interface/collectedHeap.inline.hpp, line 159]

Events (10 events):
Event: 3644.813 Executing VM operation: GenCollectForAllocation done
Event: 3644.814 Executing VM operation: GenCollectForAllocation
Event: 3645.158 Executing VM operation: GenCollectForAllocation done
Event: 3645.158 Thread 0x2507b000 flushing nmethod 0x027d5f08
Event: 3645.158 Executing VM operation: GenCollectForAllocation
Event: 3645.800 Executing VM operation: GenCollectForAllocation done
Event: 3645.800 Thread 0x2507b000 flushing nmethod 0x0281dc08
Event: 3645.801 Thread 0x2507b000 flushing nmethod 0x0285d208
Event: 3645.801 Thread 0x2507b000 flushing nmethod 0x0287af08
Event: 3645.801 Thread 0x2507b000 flushing nmethod 0x028e3988


Dynamic libraries:
0x00400000 - 0x004ee000 	C:\Program Files (x86)\Greenfoot\Greenfoot.exe
0x77300000 - 0x77480000 	C:\Windows\SysWOW64\ntdll.dll
0x76450000 - 0x76560000 	C:\Windows\syswow64\kernel32.dll
0x761e0000 - 0x76227000 	C:\Windows\syswow64\KERNELBASE.dll
0x763a0000 - 0x76441000 	C:\Windows\syswow64\ADVAPI32.DLL
0x762e0000 - 0x7638c000 	C:\Windows\syswow64\msvcrt.dll
0x75080000 - 0x75099000 	C:\Windows\SysWOW64\sechost.dll
0x75d00000 - 0x75df0000 	C:\Windows\syswow64\RPCRT4.dll
0x74a20000 - 0x74a80000 	C:\Windows\syswow64\SspiCli.dll
0x74a10000 - 0x74a1c000 	C:\Windows\syswow64\CRYPTBASE.dll
0x74e30000 - 0x74eab000 	C:\Windows\syswow64\COMDLG32.DLL
0x74a80000 - 0x74ad7000 	C:\Windows\syswow64\SHLWAPI.dll
0x74ff0000 - 0x75080000 	C:\Windows\syswow64\GDI32.dll
0x76d60000 - 0x76e60000 	C:\Windows\syswow64\USER32.dll
0x74ae0000 - 0x74aea000 	C:\Windows\syswow64\LPK.dll
0x74eb0000 - 0x74f4d000 	C:\Windows\syswow64\USP10.dll
0x738d0000 - 0x73954000 	C:\Windows\WinSxS\x86_microsoft.windows.common-controls_6595b64144ccf1df_5.82.7601.18837_none_ec86b8d6858ec0bc\COMCTL32.dll
0x750b0000 - 0x75cfc000 	C:\Windows\syswow64\SHELL32.dll
0x74930000 - 0x74939000 	C:\Windows\system32\VERSION.dll
0x75fd0000 - 0x76030000 	C:\Windows\system32\IMM32.DLL
0x74d30000 - 0x74dfd000 	C:\Windows\syswow64\MSCTF.dll
0x729a0000 - 0x72d75000 	C:\Program Files (x86)\Greenfoot\jdk\jre\bin\client\jvm.dll
0x73310000 - 0x73317000 	C:\Windows\system32\WSOCK32.dll
0x76230000 - 0x76265000 	C:\Windows\syswow64\WS2_32.dll
0x76390000 - 0x76396000 	C:\Windows\syswow64\NSI.dll
0x71dd0000 - 0x71e02000 	C:\Windows\system32\WINMM.dll
0x76280000 - 0x76285000 	C:\Windows\syswow64\PSAPI.DLL
0x73810000 - 0x738cf000 	C:\Program Files (x86)\Greenfoot\jdk\jre\bin\MSVCR100.dll
0x737e0000 - 0x737ec000 	C:\Program Files (x86)\Greenfoot\jdk\jre\bin\verify.dll
0x73440000 - 0x73462000 	C:\Program Files (x86)\Greenfoot\jdk\jre\bin\java.dll
0x73420000 - 0x73434000 	C:\Program Files (x86)\Greenfoot\jdk\jre\bin\zip.dll
0x76b60000 - 0x76cbf000 	C:\Windows\syswow64\ole32.dll
0x76d50000 - 0x76d5b000 	C:\Windows\syswow64\profapi.dll
0x73730000 - 0x73733000 	C:\Program Files (x86)\Greenfoot\jdk\jre\bin\api-ms-win-core-console-l1-1-0.dll
0x73410000 - 0x73413000 	C:\Program Files (x86)\Greenfoot\jdk\jre\bin\api-ms-win-core-datetime-l1-1-0.dll
0x73400000 - 0x73403000 	C:\Program Files (x86)\Greenfoot\jdk\jre\bin\api-ms-win-core-debug-l1-1-0.dll
0x733f0000 - 0x733f3000 	C:\Program Files (x86)\Greenfoot\jdk\jre\bin\api-ms-win-core-errorhandling-l1-1-0.dll
0x733e0000 - 0x733e4000 	C:\Program Files (x86)\Greenfoot\jdk\jre\bin\api-ms-win-core-file-l1-1-0.dll
0x733d0000 - 0x733d3000 	C:\Program Files (x86)\Greenfoot\jdk\jre\bin\api-ms-win-core-file-l1-2-0.dll
0x733c0000 - 0x733c3000 	C:\Program Files (x86)\Greenfoot\jdk\jre\bin\api-ms-win-core-file-l2-1-0.dll
0x733b0000 - 0x733b3000 	C:\Program Files (x86)\Greenfoot\jdk\jre\bin\api-ms-win-core-handle-l1-1-0.dll
0x733a0000 - 0x733a3000 	C:\Program Files (x86)\Greenfoot\jdk\jre\bin\api-ms-win-core-heap-l1-1-0.dll
0x73380000 - 0x73383000 	C:\Program Files (x86)\Greenfoot\jdk\jre\bin\api-ms-win-core-interlocked-l1-1-0.dll
0x73330000 - 0x73333000 	C:\Program Files (x86)\Greenfoot\jdk\jre\bin\api-ms-win-core-libraryloader-l1-1-0.dll
0x73320000 - 0x73323000 	C:\Program Files (x86)\Greenfoot\jdk\jre\bin\api-ms-win-core-localization-l1-2-0.dll
0x73300000 - 0x73303000 	C:\Program Files (x86)\Greenfoot\jdk\jre\bin\api-ms-win-core-memory-l1-1-0.dll
0x732a0000 - 0x732a3000 	C:\Program Files (x86)\Greenfoot\jdk\jre\bin\api-ms-win-core-namedpipe-l1-1-0.dll
0x73290000 - 0x73293000 	C:\Program Files (x86)\Greenfoot\jdk\jre\bin\api-ms-win-core-processenvironment-l1-1-0.dll
0x73280000 - 0x73283000 	C:\Program Files (x86)\Greenfoot\jdk\jre\bin\api-ms-win-core-processthreads-l1-1-0.dll
0x73020000 - 0x73023000 	C:\Program Files (x86)\Greenfoot\jdk\jre\bin\api-ms-win-core-processthreads-l1-1-1.dll
0x73010000 - 0x73013000 	C:\Program Files (x86)\Greenfoot\jdk\jre\bin\api-ms-win-core-profile-l1-1-0.dll
0x73000000 - 0x73003000 	C:\Program Files (x86)\Greenfoot\jdk\jre\bin\api-ms-win-core-rtlsupport-l1-1-0.dll
0x72ff0000 - 0x72ff3000 	C:\Program Files (x86)\Greenfoot\jdk\jre\bin\api-ms-win-core-string-l1-1-0.dll
0x72fe0000 - 0x72fe3000 	C:\Program Files (x86)\Greenfoot\jdk\jre\bin\api-ms-win-core-synch-l1-1-0.dll
0x72fd0000 - 0x72fd3000 	C:\Program Files (x86)\Greenfoot\jdk\jre\bin\api-ms-win-core-synch-l1-2-0.dll
0x72fc0000 - 0x72fc3000 	C:\Program Files (x86)\Greenfoot\jdk\jre\bin\api-ms-win-core-sysinfo-l1-1-0.dll
0x72fb0000 - 0x72fb3000 	C:\Program Files (x86)\Greenfoot\jdk\jre\bin\api-ms-win-core-timezone-l1-1-0.dll
0x72fa0000 - 0x72fa3000 	C:\Program Files (x86)\Greenfoot\jdk\jre\bin\api-ms-win-core-util-l1-1-0.dll
0x72f90000 - 0x72f93000 	C:\Program Files (x86)\Greenfoot\jdk\jre\bin\api-ms-win-crt-conio-l1-1-0.dll
0x72f80000 - 0x72f84000 	C:\Program Files (x86)\Greenfoot\jdk\jre\bin\api-ms-win-crt-convert-l1-1-0.dll
0x72f70000 - 0x72f73000 	C:\Program Files (x86)\Greenfoot\jdk\jre\bin\api-ms-win-crt-environment-l1-1-0.dll
0x72f60000 - 0x72f63000 	C:\Program Files (x86)\Greenfoot\jdk\jre\bin\api-ms-win-crt-filesystem-l1-1-0.dll
0x72f50000 - 0x72f53000 	C:\Program Files (x86)\Greenfoot\jdk\jre\bin\api-ms-win-crt-heap-l1-1-0.dll
0x72f40000 - 0x72f43000 	C:\Program Files (x86)\Greenfoot\jdk\jre\bin\api-ms-win-crt-locale-l1-1-0.dll
0x72f30000 - 0x72f35000 	C:\Program Files (x86)\Greenfoot\jdk\jre\bin\api-ms-win-crt-math-l1-1-0.dll
0x72f20000 - 0x72f25000 	C:\Program Files (x86)\Greenfoot\jdk\jre\bin\api-ms-win-crt-multibyte-l1-1-0.dll
0x72f10000 - 0x72f20000 	C:\Program Files (x86)\Greenfoot\jdk\jre\bin\api-ms-win-crt-private-l1-1-0.dll
0x72f00000 - 0x72f03000 	C:\Program Files (x86)\Greenfoot\jdk\jre\bin\api-ms-win-crt-process-l1-1-0.dll
0x72ef0000 - 0x72ef4000 	C:\Program Files (x86)\Greenfoot\jdk\jre\bin\api-ms-win-crt-runtime-l1-1-0.dll
0x72ee0000 - 0x72ee4000 	C:\Program Files (x86)\Greenfoot\jdk\jre\bin\api-ms-win-crt-stdio-l1-1-0.dll
0x72ed0000 - 0x72ed4000 	C:\Program Files (x86)\Greenfoot\jdk\jre\bin\api-ms-win-crt-string-l1-1-0.dll
0x72990000 - 0x72993000 	C:\Program Files (x86)\Greenfoot\jdk\jre\bin\api-ms-win-crt-time-l1-1-0.dll
0x72980000 - 0x72983000 	C:\Program Files (x86)\Greenfoot\jdk\jre\bin\api-ms-win-crt-utility-l1-1-0.dll
0x72860000 - 0x72978000 	C:\Program Files (x86)\Greenfoot\jdk\jre\bin\ucrtbase.dll
0x72840000 - 0x72854000 	C:\Program Files (x86)\Greenfoot\jdk\jre\bin\vcruntime140.dll
0x726f0000 - 0x7275c000 	C:\Program Files (x86)\Greenfoot\jdk\jre\bin\msvcp140.dll
0x72800000 - 0x7283b000 	C:\Program Files (x86)\Greenfoot\jdk\jre\bin\concrt140.dll
0x727e0000 - 0x727ff000 	C:\Program Files (x86)\Greenfoot\jdk\jre\bin\prism_d3d.dll
0x6e6d0000 - 0x6e893000 	C:\Windows\system32\d3d9.dll
0x6e6c0000 - 0x6e6c6000 	C:\Windows\system32\d3d8thk.dll
0x73690000 - 0x736a3000 	C:\Windows\system32\dwmapi.dll
0x736b0000 - 0x73730000 	C:\Windows\system32\uxtheme.dll
0x70ac0000 - 0x716e9000 	C:\Windows\system32\nvd3dum.dll
0x72510000 - 0x72687000 	C:\Windows\system32\nvspcap.dll
0x74f50000 - 0x74fe1000 	C:\Windows\syswow64\OLEAUT32.dll
0x76030000 - 0x761cd000 	C:\Windows\syswow64\SETUPAPI.dll
0x74e00000 - 0x74e27000 	C:\Windows\syswow64\CFGMGR32.dll
0x75fb0000 - 0x75fc2000 	C:\Windows\syswow64\DEVOBJ.dll
0x746c0000 - 0x74718000 	C:\Windows\system32\WINHTTP.dll
0x74650000 - 0x746a0000 	C:\Windows\system32\webio.dll
0x721e0000 - 0x72509000 	C:\Windows\system32\nvapi.dll
0x726b0000 - 0x726e8000 	C:\Program Files (x86)\Greenfoot\jdk\jre\bin\glass.dll
0x721b0000 - 0x721d5000 	C:\Windows\system32\powrprof.dll
0x72010000 - 0x720d0000 	C:\Program Files (x86)\NVIDIA Corporation\3D Vision\nvSCPAPI.dll
0x70970000 - 0x70ab7000 	C:\Program Files (x86)\Greenfoot\jdk\jre\bin\awt.dll
0x726a0000 - 0x726b0000 	C:\Program Files (x86)\Greenfoot\jdk\jre\bin\javafx_font.dll
0x70830000 - 0x70966000 	C:\Windows\system32\dwrite.dll
0x76e60000 - 0x76ee3000 	C:\Windows\syswow64\CLBCatQ.DLL
0x71e10000 - 0x71fae000 	C:\Windows\WinSxS\x86_microsoft.windows.common-controls_6595b64144ccf1df_6.0.7601.18837_none_41e855142bd5705d\comctl32.dll
0x72d80000 - 0x72eb1000 	C:\Windows\system32\WindowsCodecs.dll
0x71830000 - 0x7187c000 	C:\Windows\system32\apphelp.dll
0x72130000 - 0x72161000 	C:\Windows\system32\EhStorShell.dll
0x716f0000 - 0x717e5000 	C:\Windows\system32\PROPSYS.dll
0x70750000 - 0x707c0000 	C:\Windows\system32\ntshrui.dll
0x72190000 - 0x721a9000 	C:\Windows\system32\srvcli.dll
0x72180000 - 0x7218b000 	C:\Windows\system32\cscapi.dll
0x72170000 - 0x7217a000 	C:\Windows\system32\slc.dll
0x72120000 - 0x72126000 	C:\Windows\system32\IconCodecService.dll
0x71fe0000 - 0x72001000 	C:\Program Files (x86)\Common Files\Microsoft Shared\Ink\rtscom.dll
0x71fc0000 - 0x71fd5000 	C:\Program Files (x86)\Greenfoot\jdk\jre\bin\net.dll
0x74610000 - 0x7464c000 	C:\Windows\system32\mswsock.dll
0x73390000 - 0x73396000 	C:\Windows\System32\wship6.dll
0x74460000 - 0x74465000 	C:\Windows\System32\wshtcpip.dll
0x6eb70000 - 0x6ebb4000 	C:\Windows\system32\DNSAPI.dll
0x74730000 - 0x7474c000 	C:\Windows\system32\IPHLPAPI.DLL
0x74720000 - 0x74727000 	C:\Windows\system32\WINNSI.DLL
0x73350000 - 0x73356000 	C:\Windows\system32\rasadhlp.dll
0x720d0000 - 0x72108000 	C:\Windows\System32\fwpuclnt.dll
0x717f0000 - 0x71829000 	C:\Program Files (x86)\Greenfoot\jdk\jre\bin\fontmanager.dll
0x70680000 - 0x70748000 	C:\Windows\system32\opengl32.dll
0x70800000 - 0x70822000 	C:\Windows\system32\GLU32.dll
0x70590000 - 0x70677000 	C:\Windows\system32\DDRAW.dll
0x72110000 - 0x72116000 	C:\Windows\system32\DCIMAN32.dll
0x76560000 - 0x7658f000 	C:\Windows\syswow64\WINTRUST.dll
0x75df0000 - 0x75f12000 	C:\Windows\syswow64\CRYPT32.dll
0x76b50000 - 0x76b5c000 	C:\Windows\syswow64\MSASN1.dll
0x71fb0000 - 0x71fbf000 	C:\Program Files (x86)\Greenfoot\jdk\jre\bin\nio.dll
0x707c0000 - 0x707f2000 	C:\Program Files (x86)\Greenfoot\jdk\jre\bin\t2k.dll

VM Arguments:
jvm_args: -Xmx512M -Djavafx.embed.singleThread=true 
java_command: <unknown>
java_class_path (initial): C:\Program Files (x86)\Greenfoot\lib\bluej.jar;C:\Program Files (x86)\Greenfoot\jdk\lib\tools.jar
Launcher Type: generic

Environment Variables:
PATH=C:\ProgramData\Oracle\Java\javapath;C:\Windows\system32;C:\Windows;C:\Windows\System32\Wbem;C:\Windows\System32\WindowsPowerShell\v1.0\;C:\Program Files (x86)\NVIDIA Corporation\PhysX\Common;C:\Program Files\Git\cmd;C:\Users\Gebruiker\AppData\Local\GitHubDesktop\bin
USERNAME=Gebruiker
OS=Windows_NT
PROCESSOR_IDENTIFIER=AMD64 Family 21 Model 2 Stepping 0, AuthenticAMD



---------------  S Y S T E M  ---------------

OS: Windows 7 , 64 bit Build 7601 (6.1.7601.24335)

CPU:total 8 (initial active 8) (8 cores per cpu, 1 threads per core) family 21 model 2 stepping 0, cmov, cx8, fxsr, mmx, sse, sse2, sse3, ssse3, sse4.1, sse4.2, popcnt, avx, aes, clmul, mmxext, 3dnowpref, lzcnt, sse4a, tsc, tscinvbit, tscinv, bmi1

Memory: 4k page, physical 8387760k(3660728k free), swap 16773616k(10694140k free)

vm_info: Java HotSpot(TM) Client VM (25.192-b12) for windows-x86 JRE (1.8.0_192-b12), built on Oct  6 2018 16:11:13 by "java_re" with MS VC++ 10.0 (VS2010)

time: Wed Jan 16 21:47:12 2019
timezone: West-Europa (standaardtijd)
elapsed time: 3663 seconds (0d 1h 1m 3s)

